<?xml version="1.0" encoding="UTF-8"?>
<!-- Generated by org.testng.reporters.JUnitXMLReporter -->
<testsuite hostname="Prateeks-PC" name="Test" tests="5" failures="0" timestamp="5 May 2021 14:14:04 GMT" time="1.341" errors="0">
  <testcase name="@BeforeMethod setUp" time="0.0" classname="com.free_crm_data.OrangeHrm">
    <failure type="java.lang.IllegalStateException" message="The driver executable does not exist: E:\SELENIUM\Selenium By Rahul\Jar&amp;apos;s &amp;amp; Software\webDriver Chrome\chromedriver_win32\chromedriver.exe">
      <![CDATA[java.lang.IllegalStateException: The driver executable does not exist: E:\SELENIUM\Selenium By Rahul\Jar's & Software\webDriver Chrome\chromedriver_win32\chromedriver.exe
	at com.google.common.base.Preconditions.checkState(Preconditions.java:585)
	at org.openqa.selenium.remote.service.DriverService.checkExecutable(DriverService.java:146)
	at org.openqa.selenium.remote.service.DriverService.findExecutable(DriverService.java:141)
	at org.openqa.selenium.chrome.ChromeDriverService.access$000(ChromeDriverService.java:35)
	at org.openqa.selenium.chrome.ChromeDriverService$Builder.findDefaultExecutable(ChromeDriverService.java:159)
	at org.openqa.selenium.remote.service.DriverService$Builder.build(DriverService.java:355)
	at org.openqa.selenium.chrome.ChromeDriverService.createDefaultService(ChromeDriverService.java:94)
	at org.openqa.selenium.chrome.ChromeDriver.<init>(ChromeDriver.java:123)
	at com.free_crm_data.OrangeHrm.setUp(OrangeHrm.java:40)
... Removed 27 stack frames]]>
    </failure>
  </testcase> <!-- @BeforeMethod setUp -->
  <testcase name="@AfterMethod tearDown" time="0.0" classname="com.free_crm_data.OrangeHrm">
    <skipped/>
  </testcase> <!-- @AfterMethod tearDown -->
  <testcase name="@BeforeMethod setUp" time="0.0" classname="com.free_crm_data.OrangeHrm">
    <skipped/>
  </testcase> <!-- @BeforeMethod setUp -->
  <testcase name="@AfterMethod tearDown" time="0.0" classname="com.free_crm_data.OrangeHrm">
    <skipped/>
  </testcase> <!-- @AfterMethod tearDown -->
  <testcase name="@BeforeMethod setUp" time="0.0" classname="com.free_crm_data.OrangeHrm">
    <skipped/>
  </testcase> <!-- @BeforeMethod setUp -->
  <testcase name="@AfterMethod tearDown" time="0.0" classname="com.free_crm_data.OrangeHrm">
    <skipped/>
  </testcase> <!-- @AfterMethod tearDown -->
  <testcase name="@BeforeMethod setUp" time="0.0" classname="com.free_crm_data.OrangeHrm">
    <skipped/>
  </testcase> <!-- @BeforeMethod setUp -->
  <testcase name="@AfterMethod tearDown" time="0.0" classname="com.free_crm_data.OrangeHrm">
    <skipped/>
  </testcase> <!-- @AfterMethod tearDown -->
  <testcase name="@BeforeMethod setUp" time="0.0" classname="com.free_crm_data.OrangeHrm">
    <skipped/>
  </testcase> <!-- @BeforeMethod setUp -->
  <testcase name="@AfterMethod tearDown" time="0.0" classname="com.free_crm_data.OrangeHrm">
    <skipped/>
  </testcase> <!-- @AfterMethod tearDown -->
  <testcase name="CreatContacts" time="0.002" classname="com.free_crm_data.OrangeHrm">
    <skipped/>
  </testcase> <!-- CreatContacts -->
  <testcase name="CreatContacts" time="0.001" classname="com.free_crm_data.OrangeHrm">
    <skipped/>
  </testcase> <!-- CreatContacts -->
  <testcase name="CreatContacts" time="0.001" classname="com.free_crm_data.OrangeHrm">
    <skipped/>
  </testcase> <!-- CreatContacts -->
  <testcase name="CreatContacts" time="0.001" classname="com.free_crm_data.OrangeHrm">
    <skipped/>
  </testcase> <!-- CreatContacts -->
  <testcase name="CreatContacts" time="0.001" classname="com.free_crm_data.OrangeHrm">
    <skipped/>
  </testcase> <!-- CreatContacts -->
</testsuite> <!-- Test -->
