<?xml version="1.0" encoding="UTF-8"?>
<testng-results skipped="5" failed="0" total="5" passed="0">
  <reporter-output>
  </reporter-output>
  <suite name="Suite" duration-ms="1341" started-at="2021-05-05T14:14:02Z" finished-at="2021-05-05T14:14:04Z">
    <groups>
    </groups>
    <test name="Test" duration-ms="1341" started-at="2021-05-05T14:14:02Z" finished-at="2021-05-05T14:14:04Z">
      <class name="com.free_crm_data.OrangeHrm">
        <test-method status="FAIL" signature="setUp()[pri:0, instance:com.free_crm_data.OrangeHrm@14acaea5]" name="setUp" is-config="true" duration-ms="0" started-at="2021-05-05T19:44:03Z" finished-at="2021-05-05T19:44:03Z">
          <exception class="java.lang.IllegalStateException">
            <message>
              <![CDATA[The driver executable does not exist: E:\SELENIUM\Selenium By Rahul\Jar's & Software\webDriver Chrome\chromedriver_win32\chromedriver.exe]]>
            </message>
            <full-stacktrace>
              <![CDATA[java.lang.IllegalStateException: The driver executable does not exist: E:\SELENIUM\Selenium By Rahul\Jar's & Software\webDriver Chrome\chromedriver_win32\chromedriver.exe
	at com.google.common.base.Preconditions.checkState(Preconditions.java:585)
	at org.openqa.selenium.remote.service.DriverService.checkExecutable(DriverService.java:146)
	at org.openqa.selenium.remote.service.DriverService.findExecutable(DriverService.java:141)
	at org.openqa.selenium.chrome.ChromeDriverService.access$000(ChromeDriverService.java:35)
	at org.openqa.selenium.chrome.ChromeDriverService$Builder.findDefaultExecutable(ChromeDriverService.java:159)
	at org.openqa.selenium.remote.service.DriverService$Builder.build(DriverService.java:355)
	at org.openqa.selenium.chrome.ChromeDriverService.createDefaultService(ChromeDriverService.java:94)
	at org.openqa.selenium.chrome.ChromeDriver.<init>(ChromeDriver.java:123)
	at com.free_crm_data.OrangeHrm.setUp(OrangeHrm.java:40)
	at sun.reflect.NativeMethodAccessorImpl.invoke0(Native Method)
	at sun.reflect.NativeMethodAccessorImpl.invoke(NativeMethodAccessorImpl.java:62)
	at sun.reflect.DelegatingMethodAccessorImpl.invoke(DelegatingMethodAccessorImpl.java:43)
	at java.lang.reflect.Method.invoke(Method.java:498)
	at org.testng.internal.MethodInvocationHelper.invokeMethod(MethodInvocationHelper.java:100)
	at org.testng.internal.Invoker.invokeConfigurationMethod(Invoker.java:515)
	at org.testng.internal.Invoker.invokeConfigurations(Invoker.java:216)
	at org.testng.internal.Invoker.invokeMethod(Invoker.java:590)
	at org.testng.internal.Invoker.invokeTestMethod(Invoker.java:811)
	at org.testng.internal.Invoker.invokeTestMethods(Invoker.java:1129)
	at org.testng.internal.TestMethodWorker.invokeTestMethods(TestMethodWorker.java:129)
	at org.testng.internal.TestMethodWorker.run(TestMethodWorker.java:112)
	at org.testng.TestRunner.privateRun(TestRunner.java:746)
	at org.testng.TestRunner.run(TestRunner.java:600)
	at org.testng.SuiteRunner.runTest(SuiteRunner.java:366)
	at org.testng.SuiteRunner.runSequentially(SuiteRunner.java:361)
	at org.testng.SuiteRunner.privateRun(SuiteRunner.java:319)
	at org.testng.SuiteRunner.run(SuiteRunner.java:268)
	at org.testng.SuiteRunnerWorker.runSuite(SuiteRunnerWorker.java:52)
	at org.testng.SuiteRunnerWorker.run(SuiteRunnerWorker.java:86)
	at org.testng.TestNG.runSuitesSequentially(TestNG.java:1264)
	at org.testng.TestNG.runSuitesLocally(TestNG.java:1189)
	at org.testng.TestNG.runSuites(TestNG.java:1104)
	at org.testng.TestNG.run(TestNG.java:1076)
	at org.testng.remote.AbstractRemoteTestNG.run(AbstractRemoteTestNG.java:126)
	at org.testng.remote.RemoteTestNG.initAndRun(RemoteTestNG.java:152)
	at org.testng.remote.RemoteTestNG.main(RemoteTestNG.java:57)
]]>
            </full-stacktrace>
          </exception> <!-- java.lang.IllegalStateException -->
          <reporter-output>
          </reporter-output>
        </test-method> <!-- setUp -->
        <test-method status="SKIP" signature="CreatContacts(java.lang.String, java.lang.String, java.lang.String, java.lang.String)[pri:0, instance:com.free_crm_data.OrangeHrm@14acaea5]" name="CreatContacts" duration-ms="2" started-at="2021-05-05T19:44:04Z" data-provider="ExcelData" finished-at="2021-05-05T19:44:04Z">
          <params>
            <param index="0">
              <value>
                <![CDATA[Max ]]>
              </value>
            </param>
            <param index="1">
              <value>
                <![CDATA[Payne]]>
              </value>
            </param>
            <param index="2">
              <value>
                <![CDATA[Maxpayne@gmail.com]]>
              </value>
            </param>
            <param index="3">
              <value>
                <![CDATA[Rockstar]]>
              </value>
            </param>
          </params>
          <reporter-output>
          </reporter-output>
        </test-method> <!-- CreatContacts -->
        <test-method status="SKIP" signature="tearDown()[pri:0, instance:com.free_crm_data.OrangeHrm@14acaea5]" name="tearDown" is-config="true" duration-ms="0" started-at="2021-05-05T19:44:04Z" finished-at="2021-05-05T19:44:04Z">
          <reporter-output>
          </reporter-output>
        </test-method> <!-- tearDown -->
        <test-method status="SKIP" signature="setUp()[pri:0, instance:com.free_crm_data.OrangeHrm@14acaea5]" name="setUp" is-config="true" duration-ms="0" started-at="2021-05-05T19:44:04Z" finished-at="2021-05-05T19:44:04Z">
          <reporter-output>
          </reporter-output>
        </test-method> <!-- setUp -->
        <test-method status="SKIP" signature="CreatContacts(java.lang.String, java.lang.String, java.lang.String, java.lang.String)[pri:0, instance:com.free_crm_data.OrangeHrm@14acaea5]" name="CreatContacts" duration-ms="1" started-at="2021-05-05T19:44:04Z" data-provider="ExcelData" finished-at="2021-05-05T19:44:04Z">
          <params>
            <param index="0">
              <value>
                <![CDATA[Serious ]]>
              </value>
            </param>
            <param index="1">
              <value>
                <![CDATA[Sam]]>
              </value>
            </param>
            <param index="2">
              <value>
                <![CDATA[Seriousam@gmail.com]]>
              </value>
            </param>
            <param index="3">
              <value>
                <![CDATA[Croteam]]>
              </value>
            </param>
          </params>
          <reporter-output>
          </reporter-output>
        </test-method> <!-- CreatContacts -->
        <test-method status="SKIP" signature="tearDown()[pri:0, instance:com.free_crm_data.OrangeHrm@14acaea5]" name="tearDown" is-config="true" duration-ms="0" started-at="2021-05-05T19:44:04Z" finished-at="2021-05-05T19:44:04Z">
          <reporter-output>
          </reporter-output>
        </test-method> <!-- tearDown -->
        <test-method status="SKIP" signature="setUp()[pri:0, instance:com.free_crm_data.OrangeHrm@14acaea5]" name="setUp" is-config="true" duration-ms="0" started-at="2021-05-05T19:44:04Z" finished-at="2021-05-05T19:44:04Z">
          <reporter-output>
          </reporter-output>
        </test-method> <!-- setUp -->
        <test-method status="SKIP" signature="CreatContacts(java.lang.String, java.lang.String, java.lang.String, java.lang.String)[pri:0, instance:com.free_crm_data.OrangeHrm@14acaea5]" name="CreatContacts" duration-ms="1" started-at="2021-05-05T19:44:04Z" data-provider="ExcelData" finished-at="2021-05-05T19:44:04Z">
          <params>
            <param index="0">
              <value>
                <![CDATA[Chris]]>
              </value>
            </param>
            <param index="1">
              <value>
                <![CDATA[Jericho]]>
              </value>
            </param>
            <param index="2">
              <value>
                <![CDATA[Chrisjericho@gmail.com]]>
              </value>
            </param>
            <param index="3">
              <value>
                <![CDATA[Wwe]]>
              </value>
            </param>
          </params>
          <reporter-output>
          </reporter-output>
        </test-method> <!-- CreatContacts -->
        <test-method status="SKIP" signature="tearDown()[pri:0, instance:com.free_crm_data.OrangeHrm@14acaea5]" name="tearDown" is-config="true" duration-ms="0" started-at="2021-05-05T19:44:04Z" finished-at="2021-05-05T19:44:04Z">
          <reporter-output>
          </reporter-output>
        </test-method> <!-- tearDown -->
        <test-method status="SKIP" signature="setUp()[pri:0, instance:com.free_crm_data.OrangeHrm@14acaea5]" name="setUp" is-config="true" duration-ms="0" started-at="2021-05-05T19:44:04Z" finished-at="2021-05-05T19:44:04Z">
          <reporter-output>
          </reporter-output>
        </test-method> <!-- setUp -->
        <test-method status="SKIP" signature="CreatContacts(java.lang.String, java.lang.String, java.lang.String, java.lang.String)[pri:0, instance:com.free_crm_data.OrangeHrm@14acaea5]" name="CreatContacts" duration-ms="1" started-at="2021-05-05T19:44:04Z" data-provider="ExcelData" finished-at="2021-05-05T19:44:04Z">
          <params>
            <param index="0">
              <value>
                <![CDATA[Bill ]]>
              </value>
            </param>
            <param index="1">
              <value>
                <![CDATA[Golberg]]>
              </value>
            </param>
            <param index="2">
              <value>
                <![CDATA[Billgoldberg@gmail.com]]>
              </value>
            </param>
            <param index="3">
              <value>
                <![CDATA[Wwe]]>
              </value>
            </param>
          </params>
          <reporter-output>
          </reporter-output>
        </test-method> <!-- CreatContacts -->
        <test-method status="SKIP" signature="tearDown()[pri:0, instance:com.free_crm_data.OrangeHrm@14acaea5]" name="tearDown" is-config="true" duration-ms="0" started-at="2021-05-05T19:44:04Z" finished-at="2021-05-05T19:44:04Z">
          <reporter-output>
          </reporter-output>
        </test-method> <!-- tearDown -->
        <test-method status="SKIP" signature="setUp()[pri:0, instance:com.free_crm_data.OrangeHrm@14acaea5]" name="setUp" is-config="true" duration-ms="0" started-at="2021-05-05T19:44:04Z" finished-at="2021-05-05T19:44:04Z">
          <reporter-output>
          </reporter-output>
        </test-method> <!-- setUp -->
        <test-method status="SKIP" signature="CreatContacts(java.lang.String, java.lang.String, java.lang.String, java.lang.String)[pri:0, instance:com.free_crm_data.OrangeHrm@14acaea5]" name="CreatContacts" duration-ms="1" started-at="2021-05-05T19:44:04Z" data-provider="ExcelData" finished-at="2021-05-05T19:44:04Z">
          <params>
            <param index="0">
              <value>
                <![CDATA[Luke]]>
              </value>
            </param>
            <param index="1">
              <value>
                <![CDATA[Right]]>
              </value>
            </param>
            <param index="2">
              <value>
                <![CDATA[Lukeright@gmail.com]]>
              </value>
            </param>
            <param index="3">
              <value>
                <![CDATA[Ubisoft]]>
              </value>
            </param>
          </params>
          <reporter-output>
          </reporter-output>
        </test-method> <!-- CreatContacts -->
        <test-method status="SKIP" signature="tearDown()[pri:0, instance:com.free_crm_data.OrangeHrm@14acaea5]" name="tearDown" is-config="true" duration-ms="0" started-at="2021-05-05T19:44:04Z" finished-at="2021-05-05T19:44:04Z">
          <reporter-output>
          </reporter-output>
        </test-method> <!-- tearDown -->
      </class> <!-- com.free_crm_data.OrangeHrm -->
    </test> <!-- Test -->
  </suite> <!-- Suite -->
</testng-results>
