<?xml version="1.0" encoding="UTF-8"?>
<testng-results skipped="0" failed="0" total="5" passed="5">
  <reporter-output>
  </reporter-output>
  <suite name="Suite" duration-ms="78273" started-at="2021-07-01T11:57:40Z" finished-at="2021-07-01T11:58:58Z">
    <groups>
    </groups>
    <test name="Test" duration-ms="78273" started-at="2021-07-01T11:57:40Z" finished-at="2021-07-01T11:58:58Z">
      <class name="com.free_crm_data.OrangeHrm">
        <test-method status="PASS" signature="setUp()[pri:0, instance:com.free_crm_data.OrangeHrm@3e6fa38a]" name="setUp" is-config="true" duration-ms="12853" started-at="2021-07-01T17:27:40Z" finished-at="2021-07-01T17:27:53Z">
          <reporter-output>
          </reporter-output>
        </test-method> <!-- setUp -->
        <test-method status="PASS" signature="CreatContacts(java.lang.String, java.lang.String, java.lang.String, java.lang.String)[pri:0, instance:com.free_crm_data.OrangeHrm@3e6fa38a]" name="CreatContacts" duration-ms="1162" started-at="2021-07-01T17:27:53Z" data-provider="ExcelData" finished-at="2021-07-01T17:27:54Z">
          <params>
            <param index="0">
              <value>
                <![CDATA[Max ]]>
              </value>
            </param>
            <param index="1">
              <value>
                <![CDATA[1]]>
              </value>
            </param>
            <param index="2">
              <value>
                <![CDATA[Maxpayne@gmail.com]]>
              </value>
            </param>
            <param index="3">
              <value>
                <![CDATA[Rockstar]]>
              </value>
            </param>
          </params>
          <reporter-output>
          </reporter-output>
        </test-method> <!-- CreatContacts -->
        <test-method status="PASS" signature="tearDown()[pri:0, instance:com.free_crm_data.OrangeHrm@3e6fa38a]" name="tearDown" is-config="true" duration-ms="803" started-at="2021-07-01T17:27:54Z" finished-at="2021-07-01T17:27:55Z">
          <reporter-output>
          </reporter-output>
        </test-method> <!-- tearDown -->
        <test-method status="PASS" signature="setUp()[pri:0, instance:com.free_crm_data.OrangeHrm@3e6fa38a]" name="setUp" is-config="true" duration-ms="12839" started-at="2021-07-01T17:27:55Z" finished-at="2021-07-01T17:28:08Z">
          <reporter-output>
          </reporter-output>
        </test-method> <!-- setUp -->
        <test-method status="PASS" signature="CreatContacts(java.lang.String, java.lang.String, java.lang.String, java.lang.String)[pri:0, instance:com.free_crm_data.OrangeHrm@3e6fa38a]" name="CreatContacts" duration-ms="896" started-at="2021-07-01T17:28:08Z" data-provider="ExcelData" finished-at="2021-07-01T17:28:09Z">
          <params>
            <param index="0">
              <value>
                <![CDATA[Serious ]]>
              </value>
            </param>
            <param index="1">
              <value>
                <![CDATA[2]]>
              </value>
            </param>
            <param index="2">
              <value>
                <![CDATA[Seriousam@gmail.com]]>
              </value>
            </param>
            <param index="3">
              <value>
                <![CDATA[Croteam]]>
              </value>
            </param>
          </params>
          <reporter-output>
          </reporter-output>
        </test-method> <!-- CreatContacts -->
        <test-method status="PASS" signature="tearDown()[pri:0, instance:com.free_crm_data.OrangeHrm@3e6fa38a]" name="tearDown" is-config="true" duration-ms="791" started-at="2021-07-01T17:28:09Z" finished-at="2021-07-01T17:28:10Z">
          <reporter-output>
          </reporter-output>
        </test-method> <!-- tearDown -->
        <test-method status="PASS" signature="setUp()[pri:0, instance:com.free_crm_data.OrangeHrm@3e6fa38a]" name="setUp" is-config="true" duration-ms="12767" started-at="2021-07-01T17:28:10Z" finished-at="2021-07-01T17:28:22Z">
          <reporter-output>
          </reporter-output>
        </test-method> <!-- setUp -->
        <test-method status="PASS" signature="CreatContacts(java.lang.String, java.lang.String, java.lang.String, java.lang.String)[pri:0, instance:com.free_crm_data.OrangeHrm@3e6fa38a]" name="CreatContacts" duration-ms="723" started-at="2021-07-01T17:28:22Z" data-provider="ExcelData" finished-at="2021-07-01T17:28:23Z">
          <params>
            <param index="0">
              <value>
                <![CDATA[Chris]]>
              </value>
            </param>
            <param index="1">
              <value>
                <![CDATA[Jericho]]>
              </value>
            </param>
            <param index="2">
              <value>
                <![CDATA[Chrisjericho@gmail.com]]>
              </value>
            </param>
            <param index="3">
              <value>
                <![CDATA[Wwe]]>
              </value>
            </param>
          </params>
          <reporter-output>
          </reporter-output>
        </test-method> <!-- CreatContacts -->
        <test-method status="PASS" signature="tearDown()[pri:0, instance:com.free_crm_data.OrangeHrm@3e6fa38a]" name="tearDown" is-config="true" duration-ms="758" started-at="2021-07-01T17:28:23Z" finished-at="2021-07-01T17:28:24Z">
          <reporter-output>
          </reporter-output>
        </test-method> <!-- tearDown -->
        <test-method status="PASS" signature="setUp()[pri:0, instance:com.free_crm_data.OrangeHrm@3e6fa38a]" name="setUp" is-config="true" duration-ms="22634" started-at="2021-07-01T17:28:24Z" finished-at="2021-07-01T17:28:47Z">
          <reporter-output>
          </reporter-output>
        </test-method> <!-- setUp -->
        <test-method status="PASS" signature="CreatContacts(java.lang.String, java.lang.String, java.lang.String, java.lang.String)[pri:0, instance:com.free_crm_data.OrangeHrm@3e6fa38a]" name="CreatContacts" duration-ms="817" started-at="2021-07-01T17:28:47Z" data-provider="ExcelData" finished-at="2021-07-01T17:28:47Z">
          <params>
            <param index="0">
              <value>
                <![CDATA[Bill ]]>
              </value>
            </param>
            <param index="1">
              <value>
                <![CDATA[Golberg]]>
              </value>
            </param>
            <param index="2">
              <value>
                <![CDATA[Billgoldberg@gmail.com]]>
              </value>
            </param>
            <param index="3">
              <value>
                <![CDATA[Wwe]]>
              </value>
            </param>
          </params>
          <reporter-output>
          </reporter-output>
        </test-method> <!-- CreatContacts -->
        <test-method status="PASS" signature="tearDown()[pri:0, instance:com.free_crm_data.OrangeHrm@3e6fa38a]" name="tearDown" is-config="true" duration-ms="795" started-at="2021-07-01T17:28:47Z" finished-at="2021-07-01T17:28:48Z">
          <reporter-output>
          </reporter-output>
        </test-method> <!-- tearDown -->
        <test-method status="PASS" signature="setUp()[pri:0, instance:com.free_crm_data.OrangeHrm@3e6fa38a]" name="setUp" is-config="true" duration-ms="8438" started-at="2021-07-01T17:28:48Z" finished-at="2021-07-01T17:28:57Z">
          <reporter-output>
          </reporter-output>
        </test-method> <!-- setUp -->
        <test-method status="PASS" signature="CreatContacts(java.lang.String, java.lang.String, java.lang.String, java.lang.String)[pri:0, instance:com.free_crm_data.OrangeHrm@3e6fa38a]" name="CreatContacts" duration-ms="577" started-at="2021-07-01T17:28:57Z" data-provider="ExcelData" finished-at="2021-07-01T17:28:57Z">
          <params>
            <param index="0">
              <value>
                <![CDATA[Luke]]>
              </value>
            </param>
            <param index="1">
              <value>
                <![CDATA[Right]]>
              </value>
            </param>
            <param index="2">
              <value>
                <![CDATA[Lukeright@gmail.com]]>
              </value>
            </param>
            <param index="3">
              <value>
                <![CDATA[Ubisoft]]>
              </value>
            </param>
          </params>
          <reporter-output>
          </reporter-output>
        </test-method> <!-- CreatContacts -->
        <test-method status="PASS" signature="tearDown()[pri:0, instance:com.free_crm_data.OrangeHrm@3e6fa38a]" name="tearDown" is-config="true" duration-ms="774" started-at="2021-07-01T17:28:57Z" finished-at="2021-07-01T17:28:58Z">
          <reporter-output>
          </reporter-output>
        </test-method> <!-- tearDown -->
      </class> <!-- com.free_crm_data.OrangeHrm -->
    </test> <!-- Test -->
  </suite> <!-- Suite -->
</testng-results>
